mode: set
github.com/neocortical/gsoup/cleaner.go:26.59,28.16 2 1
github.com/neocortical/gsoup/cleaner.go:32.2,34.17 2 1
github.com/neocortical/gsoup/cleaner.go:28.16,30.3 1 0
github.com/neocortical/gsoup/cleaner.go:37.51,38.30 1 1
github.com/neocortical/gsoup/cleaner.go:41.2,41.10 1 1
github.com/neocortical/gsoup/cleaner.go:38.30,40.3 1 1
github.com/neocortical/gsoup/cleaner.go:44.57,45.27 1 1
github.com/neocortical/gsoup/cleaner.go:48.2,48.10 1 1
github.com/neocortical/gsoup/cleaner.go:45.27,47.3 1 1
github.com/neocortical/gsoup/cleaner.go:52.59,53.16 1 1
github.com/neocortical/gsoup/cleaner.go:66.2,67.16 2 1
github.com/neocortical/gsoup/cleaner.go:71.2,71.22 1 1
github.com/neocortical/gsoup/cleaner.go:54.2,56.10 2 1
github.com/neocortical/gsoup/cleaner.go:60.3,60.37 1 1
github.com/neocortical/gsoup/cleaner.go:62.2,63.28 1 1
github.com/neocortical/gsoup/cleaner.go:56.10,58.4 1 1
github.com/neocortical/gsoup/cleaner.go:67.16,69.3 1 1
github.com/neocortical/gsoup/cleaner.go:75.59,77.30 2 1
github.com/neocortical/gsoup/cleaner.go:84.2,84.18 1 1
github.com/neocortical/gsoup/cleaner.go:77.30,79.18 2 1
github.com/neocortical/gsoup/cleaner.go:79.18,82.4 2 1
github.com/neocortical/gsoup/cleaner.go:87.67,91.22 3 1
github.com/neocortical/gsoup/cleaner.go:95.2,95.19 1 1
github.com/neocortical/gsoup/cleaner.go:99.2,99.46 1 1
github.com/neocortical/gsoup/cleaner.go:104.2,106.15 2 1
github.com/neocortical/gsoup/cleaner.go:91.22,93.3 1 1
github.com/neocortical/gsoup/cleaner.go:95.19,97.3 1 1
github.com/neocortical/gsoup/cleaner.go:99.46,103.3 3 1
github.com/neocortical/gsoup/cleaner.go:109.61,110.32 1 1
github.com/neocortical/gsoup/cleaner.go:114.2,115.20 2 1
github.com/neocortical/gsoup/cleaner.go:119.2,119.25 1 1
github.com/neocortical/gsoup/cleaner.go:123.2,124.20 2 1
github.com/neocortical/gsoup/cleaner.go:110.32,112.3 1 1
github.com/neocortical/gsoup/cleaner.go:115.20,117.3 1 1
github.com/neocortical/gsoup/cleaner.go:119.25,121.3 1 1
github.com/neocortical/gsoup/gsoup.go:6.32,8.2 1 1
github.com/neocortical/gsoup/gsoup.go:10.53,13.29 3 1
github.com/neocortical/gsoup/gsoup.go:16.2,16.12 1 1
github.com/neocortical/gsoup/gsoup.go:13.29,15.3 1 1
