mode: set
github.com/neocortical/gsoup/cleaner.go:32.62,34.16 2 1
github.com/neocortical/gsoup/cleaner.go:38.2,40.17 2 1
github.com/neocortical/gsoup/cleaner.go:34.16,36.3 1 1
github.com/neocortical/gsoup/cleaner.go:43.52,44.30 1 1
github.com/neocortical/gsoup/cleaner.go:47.2,47.10 1 1
github.com/neocortical/gsoup/cleaner.go:44.30,46.3 1 1
github.com/neocortical/gsoup/cleaner.go:50.57,51.27 1 1
github.com/neocortical/gsoup/cleaner.go:54.2,54.10 1 1
github.com/neocortical/gsoup/cleaner.go:51.27,53.3 1 1
github.com/neocortical/gsoup/cleaner.go:57.46,60.2 2 1
github.com/neocortical/gsoup/cleaner.go:63.59,64.16 1 1
github.com/neocortical/gsoup/cleaner.go:77.2,78.16 2 1
github.com/neocortical/gsoup/cleaner.go:82.2,82.22 1 1
github.com/neocortical/gsoup/cleaner.go:65.2,67.10 2 1
github.com/neocortical/gsoup/cleaner.go:71.3,71.36 1 1
github.com/neocortical/gsoup/cleaner.go:73.2,74.28 1 1
github.com/neocortical/gsoup/cleaner.go:67.10,69.4 1 1
github.com/neocortical/gsoup/cleaner.go:78.16,80.3 1 1
github.com/neocortical/gsoup/cleaner.go:86.59,89.30 3 1
github.com/neocortical/gsoup/cleaner.go:100.2,100.47 1 1
github.com/neocortical/gsoup/cleaner.go:110.2,110.18 1 1
github.com/neocortical/gsoup/cleaner.go:89.30,92.18 3 1
github.com/neocortical/gsoup/cleaner.go:92.18,96.4 3 1
github.com/neocortical/gsoup/cleaner.go:100.47,102.9 2 1
github.com/neocortical/gsoup/cleaner.go:102.9,104.4 1 1
github.com/neocortical/gsoup/cleaner.go:104.5,107.4 2 1
github.com/neocortical/gsoup/cleaner.go:113.67,117.22 3 1
github.com/neocortical/gsoup/cleaner.go:121.2,121.19 1 1
github.com/neocortical/gsoup/cleaner.go:125.2,125.46 1 1
github.com/neocortical/gsoup/cleaner.go:130.2,132.15 2 1
github.com/neocortical/gsoup/cleaner.go:117.22,119.3 1 1
github.com/neocortical/gsoup/cleaner.go:121.19,123.3 1 1
github.com/neocortical/gsoup/cleaner.go:125.46,129.3 3 1
github.com/neocortical/gsoup/cleaner.go:135.61,136.32 1 1
github.com/neocortical/gsoup/cleaner.go:140.2,141.20 2 1
github.com/neocortical/gsoup/cleaner.go:145.2,145.25 1 1
github.com/neocortical/gsoup/cleaner.go:149.2,150.20 2 1
github.com/neocortical/gsoup/cleaner.go:136.32,138.3 1 1
github.com/neocortical/gsoup/cleaner.go:141.20,143.3 1 1
github.com/neocortical/gsoup/cleaner.go:145.25,147.3 1 1
github.com/neocortical/gsoup/gsoup.go:6.32,8.2 1 1
github.com/neocortical/gsoup/gsoup.go:12.32,14.2 1 1
github.com/neocortical/gsoup/gsoup.go:17.54,20.29 3 1
github.com/neocortical/gsoup/gsoup.go:23.2,23.12 1 1
github.com/neocortical/gsoup/gsoup.go:20.29,22.3 1 1
github.com/neocortical/gsoup/util.go:9.51,11.30 2 1
github.com/neocortical/gsoup/util.go:24.2,24.12 1 1
github.com/neocortical/gsoup/util.go:11.30,13.41 2 1
github.com/neocortical/gsoup/util.go:16.3,16.48 1 1
github.com/neocortical/gsoup/util.go:22.3,22.20 1 1
github.com/neocortical/gsoup/util.go:13.41,15.4 1 1
github.com/neocortical/gsoup/util.go:16.48,17.35 1 1
github.com/neocortical/gsoup/util.go:20.4,20.37 1 1
github.com/neocortical/gsoup/util.go:17.35,19.5 1 1
github.com/neocortical/gsoup/util.go:27.42,28.55 1 1
github.com/neocortical/gsoup/util.go:28.55,29.54 1 1
github.com/neocortical/gsoup/util.go:32.3,32.12 1 1
github.com/neocortical/gsoup/util.go:29.54,31.4 1 1
github.com/neocortical/gsoup/whitelist.go:30.60,31.28 1 1
github.com/neocortical/gsoup/whitelist.go:34.2,35.10 2 1
github.com/neocortical/gsoup/whitelist.go:31.28,33.3 1 1
